
03:16:41.235 [info] Loading 157 CA(s) from :otp store

03:16:41.263 [notice] Application next_ls exited: NextLS.Application.start(:normal, []) returned an error: shutdown: failed to start child: NextLS.LSPSupervisor
    ** (EXIT) shutdown: failed to start child: NextLS
        ** (EXIT) an exception was raised:
            ** (ErlangError) Erlang error: :enoent
                (elixir 1.17.3) lib/system.ex:1114: System.cmd("elixir", ["--short-version"], [])
                (next_ls 0.23.3) lib/next_ls.ex:47: NextLS.init/2
                (gen_lsp 0.10.0) lib/gen_lsp.ex:201: GenLSP.init/1
                (stdlib 6.2) proc_lib.erl:329: :proc_lib.init_p_do_apply/3

03:16:43.204 [info] Loading 157 CA(s) from :otp store

03:16:43.230 [notice] Application next_ls exited: NextLS.Application.start(:normal, []) returned an error: shutdown: failed to start child: NextLS.LSPSupervisor
    ** (EXIT) shutdown: failed to start child: NextLS
        ** (EXIT) an exception was raised:
            ** (ErlangError) Erlang error: :enoent
                (elixir 1.17.3) lib/system.ex:1114: System.cmd("elixir", ["--short-version"], [])
                (next_ls 0.23.3) lib/next_ls.ex:47: NextLS.init/2
                (gen_lsp 0.10.0) lib/gen_lsp.ex:201: GenLSP.init/1
                (stdlib 6.2) proc_lib.erl:329: :proc_lib.init_p_do_apply/3

03:16:45.161 [info] Loading 157 CA(s) from :otp store

03:16:45.185 [notice] Application next_ls exited: NextLS.Application.start(:normal, []) returned an error: shutdown: failed to start child: NextLS.LSPSupervisor
    ** (EXIT) shutdown: failed to start child: NextLS
        ** (EXIT) an exception was raised:
            ** (ErlangError) Erlang error: :enoent
                (elixir 1.17.3) lib/system.ex:1114: System.cmd("elixir", ["--short-version"], [])
                (next_ls 0.23.3) lib/next_ls.ex:47: NextLS.init/2
                (gen_lsp 0.10.0) lib/gen_lsp.ex:201: GenLSP.init/1
                (stdlib 6.2) proc_lib.erl:329: :proc_lib.init_p_do_apply/3

03:16:47.113 [info] Loading 157 CA(s) from :otp store

03:16:47.140 [notice] Application next_ls exited: NextLS.Application.start(:normal, []) returned an error: shutdown: failed to start child: NextLS.LSPSupervisor
    ** (EXIT) shutdown: failed to start child: NextLS
        ** (EXIT) an exception was raised:
            ** (ErlangError) Erlang error: :enoent
                (elixir 1.17.3) lib/system.ex:1114: System.cmd("elixir", ["--short-version"], [])
                (next_ls 0.23.3) lib/next_ls.ex:47: NextLS.init/2
                (gen_lsp 0.10.0) lib/gen_lsp.ex:201: GenLSP.init/1
                (stdlib 6.2) proc_lib.erl:329: :proc_lib.init_p_do_apply/3

03:16:49.096 [info] Loading 157 CA(s) from :otp store

03:16:49.121 [notice] Application next_ls exited: NextLS.Application.start(:normal, []) returned an error: shutdown: failed to start child: NextLS.LSPSupervisor
    ** (EXIT) shutdown: failed to start child: NextLS
        ** (EXIT) an exception was raised:
            ** (ErlangError) Erlang error: :enoent
                (elixir 1.17.3) lib/system.ex:1114: System.cmd("elixir", ["--short-version"], [])
                (next_ls 0.23.3) lib/next_ls.ex:47: NextLS.init/2
                (gen_lsp 0.10.0) lib/gen_lsp.ex:201: GenLSP.init/1
                (stdlib 6.2) proc_lib.erl:329: :proc_lib.init_p_do_apply/3

15:54:21.365 [info] Loading 157 CA(s) from :otp store

15:54:21.747 [notice] Application next_ls exited: NextLS.Application.start(:normal, []) returned an error: shutdown: failed to start child: NextLS.LSPSupervisor
    ** (EXIT) shutdown: failed to start child: NextLS
        ** (EXIT) an exception was raised:
            ** (ErlangError) Erlang error: :enoent
                (elixir 1.17.3) lib/system.ex:1114: System.cmd("elixir", ["--short-version"], [])
                (next_ls 0.23.3) lib/next_ls.ex:47: NextLS.init/2
                (gen_lsp 0.10.0) lib/gen_lsp.ex:201: GenLSP.init/1
                (stdlib 6.2) proc_lib.erl:329: :proc_lib.init_p_do_apply/3

15:54:25.252 [info] Loading 157 CA(s) from :otp store

15:54:25.319 [notice] Application next_ls exited: NextLS.Application.start(:normal, []) returned an error: shutdown: failed to start child: NextLS.LSPSupervisor
    ** (EXIT) shutdown: failed to start child: NextLS
        ** (EXIT) an exception was raised:
            ** (ErlangError) Erlang error: :enoent
                (elixir 1.17.3) lib/system.ex:1114: System.cmd("elixir", ["--short-version"], [])
                (next_ls 0.23.3) lib/next_ls.ex:47: NextLS.init/2
                (gen_lsp 0.10.0) lib/gen_lsp.ex:201: GenLSP.init/1
                (stdlib 6.2) proc_lib.erl:329: :proc_lib.init_p_do_apply/3

15:54:27.952 [info] Loading 157 CA(s) from :otp store

15:54:27.996 [notice] Application next_ls exited: NextLS.Application.start(:normal, []) returned an error: shutdown: failed to start child: NextLS.LSPSupervisor
    ** (EXIT) shutdown: failed to start child: NextLS
        ** (EXIT) an exception was raised:
            ** (ErlangError) Erlang error: :enoent
                (elixir 1.17.3) lib/system.ex:1114: System.cmd("elixir", ["--short-version"], [])
                (next_ls 0.23.3) lib/next_ls.ex:47: NextLS.init/2
                (gen_lsp 0.10.0) lib/gen_lsp.ex:201: GenLSP.init/1
                (stdlib 6.2) proc_lib.erl:329: :proc_lib.init_p_do_apply/3

15:54:30.606 [info] Loading 157 CA(s) from :otp store

15:54:30.636 [notice] Application next_ls exited: NextLS.Application.start(:normal, []) returned an error: shutdown: failed to start child: NextLS.LSPSupervisor
    ** (EXIT) shutdown: failed to start child: NextLS
        ** (EXIT) an exception was raised:
            ** (ErlangError) Erlang error: :enoent
                (elixir 1.17.3) lib/system.ex:1114: System.cmd("elixir", ["--short-version"], [])
                (next_ls 0.23.3) lib/next_ls.ex:47: NextLS.init/2
                (gen_lsp 0.10.0) lib/gen_lsp.ex:201: GenLSP.init/1
                (stdlib 6.2) proc_lib.erl:329: :proc_lib.init_p_do_apply/3

15:54:33.227 [info] Loading 157 CA(s) from :otp store

15:54:33.254 [notice] Application next_ls exited: NextLS.Application.start(:normal, []) returned an error: shutdown: failed to start child: NextLS.LSPSupervisor
    ** (EXIT) shutdown: failed to start child: NextLS
        ** (EXIT) an exception was raised:
            ** (ErlangError) Erlang error: :enoent
                (elixir 1.17.3) lib/system.ex:1114: System.cmd("elixir", ["--short-version"], [])
                (next_ls 0.23.3) lib/next_ls.ex:47: NextLS.init/2
                (gen_lsp 0.10.0) lib/gen_lsp.ex:201: GenLSP.init/1
                (stdlib 6.2) proc_lib.erl:329: :proc_lib.init_p_do_apply/3
